{"C:\\Users\\abk330\\Desktop\\backend-lessions\\src\\app.ts": {"path":"C:\\Users\\abk330\\Desktop\\backend-lessions\\src\\app.ts","statementMap":{"0":{"start":{"line":1,"column":0},"end":{"line":1,"column":30}},"1":{"start":{"line":2,"column":0},"end":{"line":2,"column":45}},"2":{"start":{"line":3,"column":0},"end":{"line":3,"column":30}},"3":{"start":{"line":4,"column":0},"end":{"line":4,"column":28}},"4":{"start":{"line":5,"column":0},"end":{"line":5,"column":28}},"5":{"start":{"line":6,"column":0},"end":{"line":6,"column":24}},"6":{"start":{"line":8,"column":0},"end":{"line":8,"column":90}},"7":{"start":{"line":9,"column":0},"end":{"line":9,"column":83}},"8":{"start":{"line":10,"column":0},"end":{"line":10,"column":37}},"9":{"start":{"line":12,"column":12},"end":{"line":12,"column":21}},"10":{"start":{"line":86,"column":9},"end":{"line":86,"column":12}},"11":{"start":{"line":15,"column":12},"end":{"line":15,"column":51}},"12":{"start":{"line":86,"column":14},"end":{"line":86,"column":17}},"13":{"start":{"line":18,"column":0},"end":{"line":18,"column":36}},"14":{"start":{"line":21,"column":15},"end":{"line":31,"column":2}},"15":{"start":{"line":35,"column":0},"end":{"line":35,"column":24}},"16":{"start":{"line":38,"column":0},"end":{"line":38,"column":24}},"17":{"start":{"line":41,"column":0},"end":{"line":56,"column":2}},"18":{"start":{"line":59,"column":0},"end":{"line":62,"column":3}},"19":{"start":{"line":60,"column":4},"end":{"line":60,"column":60}},"20":{"start":{"line":61,"column":4},"end":{"line":61,"column":62}},"21":{"start":{"line":65,"column":0},"end":{"line":65,"column":22}},"22":{"start":{"line":70,"column":0},"end":{"line":70,"column":24}},"23":{"start":{"line":71,"column":0},"end":{"line":71,"column":29}},"24":{"start":{"line":72,"column":0},"end":{"line":72,"column":29}},"25":{"start":{"line":73,"column":0},"end":{"line":73,"column":30}},"26":{"start":{"line":76,"column":0},"end":{"line":76,"column":72}},"27":{"start":{"line":77,"column":0},"end":{"line":77,"column":40}},"28":{"start":{"line":82,"column":0},"end":{"line":82,"column":18}},"29":{"start":{"line":83,"column":0},"end":{"line":83,"column":16}},"30":{"start":{"line":87,"column":0},"end":{"line":87,"column":19}}},"fnMap":{"0":{"name":"(anonymous_1)","decl":{"start":{"line":59,"column":8},"end":{"line":59,"column":9}},"loc":{"start":{"line":59,"column":21},"end":{"line":62,"column":1}}}},"branchMap":{},"s":{"0":2,"1":2,"2":2,"3":2,"4":2,"5":2,"6":2,"7":2,"8":2,"9":2,"10":2,"11":2,"12":2,"13":2,"14":2,"15":2,"16":2,"17":2,"18":2,"19":3,"20":3,"21":2,"22":2,"23":2,"24":2,"25":2,"26":2,"27":2,"28":2,"29":2,"30":2},"f":{"0":3},"b":{}}
,"C:\\Users\\abk330\\Desktop\\backend-lessions\\src\\data-source.ts": {"path":"C:\\Users\\abk330\\Desktop\\backend-lessions\\src\\data-source.ts","statementMap":{"0":{"start":{"line":1,"column":0},"end":{"line":1,"column":37}},"1":{"start":{"line":3,"column":22},"end":{"line":9,"column":2}},"2":{"start":{"line":11,"column":0},"end":{"line":11,"column":29}}},"fnMap":{},"branchMap":{},"s":{"0":2,"1":2,"2":2},"f":{},"b":{}}
,"C:\\Users\\abk330\\Desktop\\backend-lessions\\src\\index.ts": {"path":"C:\\Users\\abk330\\Desktop\\backend-lessions\\src\\index.ts","statementMap":{"0":{"start":{"line":1,"column":0},"end":{"line":1,"column":26}},"1":{"start":{"line":2,"column":0},"end":{"line":2,"column":24}},"2":{"start":{"line":3,"column":0},"end":{"line":3,"column":33}},"3":{"start":{"line":4,"column":0},"end":{"line":4,"column":42}},"4":{"start":{"line":6,"column":13},"end":{"line":6,"column":17}},"5":{"start":{"line":8,"column":13},"end":{"line":8,"column":45}},"6":{"start":{"line":11,"column":0},"end":{"line":15,"column":3}},"7":{"start":{"line":12,"column":4},"end":{"line":14,"column":7}},"8":{"start":{"line":13,"column":8},"end":{"line":13,"column":44}},"9":{"start":{"line":18,"column":0},"end":{"line":27,"column":7}},"10":{"start":{"line":20,"column":8},"end":{"line":23,"column":11}},"11":{"start":{"line":21,"column":12},"end":{"line":21,"column":73}},"12":{"start":{"line":22,"column":12},"end":{"line":22,"column":81}},"13":{"start":{"line":26,"column":8},"end":{"line":26,"column":60}}},"fnMap":{"0":{"name":"(anonymous_1)","decl":{"start":{"line":11,"column":21},"end":{"line":11,"column":22}},"loc":{"start":{"line":11,"column":47},"end":{"line":15,"column":1}}},"1":{"name":"(anonymous_2)","decl":{"start":{"line":12,"column":45},"end":{"line":12,"column":46}},"loc":{"start":{"line":12,"column":52},"end":{"line":14,"column":5}}},"2":{"name":"(anonymous_3)","decl":{"start":{"line":19,"column":10},"end":{"line":19,"column":13}},"loc":{"start":{"line":19,"column":15},"end":{"line":24,"column":5}}},"3":{"name":"(anonymous_4)","decl":{"start":{"line":20,"column":28},"end":{"line":20,"column":31}},"loc":{"start":{"line":20,"column":33},"end":{"line":23,"column":9}}},"4":{"name":"(anonymous_5)","decl":{"start":{"line":25,"column":11},"end":{"line":25,"column":12}},"loc":{"start":{"line":25,"column":21},"end":{"line":27,"column":5}}}},"branchMap":{},"s":{"0":1,"1":1,"2":1,"3":1,"4":1,"5":1,"6":1,"7":1,"8":1,"9":1,"10":1,"11":0,"12":0,"13":1},"f":{"0":1,"1":1,"2":1,"3":0,"4":1},"b":{}}
,"C:\\Users\\abk330\\Desktop\\backend-lessions\\src\\entity\\User.ts": {"path":"C:\\Users\\abk330\\Desktop\\backend-lessions\\src\\entity\\User.ts","statementMap":{"0":{"start":{"line":1,"column":0},"end":{"line":1,"column":65}},"1":{"start":{"line":2,"column":0},"end":{"line":2,"column":62}},"2":{"start":{"line":5,"column":7},"end":{"line":26,"column":null}},"3":{"start":{"line":5,"column":13},"end":{"line":5,"column":17}},"4":{"start":{"line":7,"column":4},"end":{"line":7,"column":null}},"5":{"start":{"line":12,"column":4},"end":{"line":12,"column":null}},"6":{"start":{"line":16,"column":4},"end":{"line":16,"column":null}},"7":{"start":{"line":20,"column":4},"end":{"line":20,"column":null}},"8":{"start":{"line":23,"column":4},"end":{"line":23,"column":null}},"9":{"start":{"line":5,"column":13},"end":{"line":26,"column":null}}},"fnMap":{},"branchMap":{},"s":{"0":2,"1":2,"2":2,"3":2,"4":2,"5":2,"6":2,"7":2,"8":2,"9":2},"f":{},"b":{}}
,"C:\\Users\\abk330\\Desktop\\backend-lessions\\src\\middleware\\auth.middleware.ts": {"path":"C:\\Users\\abk330\\Desktop\\backend-lessions\\src\\middleware\\auth.middleware.ts","statementMap":{"0":{"start":{"line":4,"column":0},"end":{"line":4,"column":16}},"1":{"start":{"line":23,"column":0},"end":{"line":23,"column":16}},"2":{"start":{"line":2,"column":0},"end":{"line":2,"column":31}},"3":{"start":{"line":5,"column":23},"end":{"line":5,"column":51}},"4":{"start":{"line":6,"column":18},"end":{"line":6,"column":56}},"5":{"start":{"line":8,"column":4},"end":{"line":11,"column":5}},"6":{"start":{"line":9,"column":8},"end":{"line":9,"column":59}},"7":{"start":{"line":10,"column":8},"end":{"line":10,"column":15}},"8":{"start":{"line":13,"column":4},"end":{"line":19,"column":5}},"9":{"start":{"line":14,"column":24},"end":{"line":14,"column":60}},"10":{"start":{"line":15,"column":9},"end":{"line":15,"column":36}},"11":{"start":{"line":16,"column":8},"end":{"line":16,"column":15}},"12":{"start":{"line":18,"column":8},"end":{"line":18,"column":59}},"13":{"start":{"line":24,"column":4},"end":{"line":33,"column":6}},"14":{"start":{"line":25,"column":22},"end":{"line":25,"column":38}},"15":{"start":{"line":27,"column":8},"end":{"line":30,"column":9}},"16":{"start":{"line":28,"column":12},"end":{"line":28,"column":85}},"17":{"start":{"line":29,"column":12},"end":{"line":29,"column":19}},"18":{"start":{"line":32,"column":8},"end":{"line":32,"column":15}}},"fnMap":{"0":{"name":"authenticateToken","decl":{"start":{"line":4,"column":16},"end":{"line":4,"column":33}},"loc":{"start":{"line":4,"column":81},"end":{"line":20,"column":1}}},"1":{"name":"authorizeRoles","decl":{"start":{"line":23,"column":16},"end":{"line":23,"column":30}},"loc":{"start":{"line":23,"column":56},"end":{"line":34,"column":1}}},"2":{"name":"(anonymous_3)","decl":{"start":{"line":24,"column":11},"end":{"line":24,"column":12}},"loc":{"start":{"line":24,"column":69},"end":{"line":33,"column":5}}}},"branchMap":{"0":{"loc":{"start":{"line":6,"column":18},"end":{"line":6,"column":56}},"type":"binary-expr","locations":[{"start":{"line":6,"column":18},"end":{"line":6,"column":28}},{"start":{"line":6,"column":32},"end":{"line":6,"column":56}}]},"1":{"loc":{"start":{"line":8,"column":4},"end":{"line":11,"column":5}},"type":"if","locations":[{"start":{"line":8,"column":4},"end":{"line":11,"column":5}}]},"2":{"loc":{"start":{"line":27,"column":8},"end":{"line":30,"column":9}},"type":"if","locations":[{"start":{"line":27,"column":8},"end":{"line":30,"column":9}}]},"3":{"loc":{"start":{"line":27,"column":12},"end":{"line":27,"column":54}},"type":"binary-expr","locations":[{"start":{"line":27,"column":12},"end":{"line":27,"column":17}},{"start":{"line":27,"column":21},"end":{"line":27,"column":54}}]}},"s":{"0":2,"1":2,"2":2,"3":0,"4":0,"5":0,"6":0,"7":0,"8":0,"9":0,"10":0,"11":0,"12":0,"13":4,"14":0,"15":0,"16":0,"17":0,"18":0},"f":{"0":0,"1":4,"2":0},"b":{"0":[0,0],"1":[0],"2":[0],"3":[0,0]}}
,"C:\\Users\\abk330\\Desktop\\backend-lessions\\src\\middleware\\error.middleware.ts": {"path":"C:\\Users\\abk330\\Desktop\\backend-lessions\\src\\middleware\\error.middleware.ts","statementMap":{"0":{"start":{"line":3,"column":0},"end":{"line":3,"column":16}},"1":{"start":{"line":4,"column":4},"end":{"line":4,"column":29}},"2":{"start":{"line":6,"column":4},"end":{"line":10,"column":7}}},"fnMap":{"0":{"name":"errorHandler","decl":{"start":{"line":3,"column":16},"end":{"line":3,"column":28}},"loc":{"start":{"line":3,"column":86},"end":{"line":11,"column":1}}}},"branchMap":{"0":{"loc":{"start":{"line":6,"column":15},"end":{"line":6,"column":32}},"type":"binary-expr","locations":[{"start":{"line":6,"column":15},"end":{"line":6,"column":25}},{"start":{"line":6,"column":29},"end":{"line":6,"column":32}}]},"1":{"loc":{"start":{"line":8,"column":21},"end":{"line":8,"column":59}},"type":"binary-expr","locations":[{"start":{"line":8,"column":21},"end":{"line":8,"column":32}},{"start":{"line":8,"column":36},"end":{"line":8,"column":59}}]}},"s":{"0":2,"1":0,"2":0},"f":{"0":0},"b":{"0":[0,0],"1":[0,0]}}
,"C:\\Users\\abk330\\Desktop\\backend-lessions\\src\\middleware\\index.ts": {"path":"C:\\Users\\abk330\\Desktop\\backend-lessions\\src\\middleware\\index.ts","statementMap":{"0":{"start":{"line":1,"column":0},"end":{"line":1,"column":8}},"1":{"start":{"line":10,"column":4},"end":{"line":1,"column":27}},"2":{"start":{"line":11,"column":4},"end":{"line":1,"column":67}},"3":{"start":{"line":2,"column":0},"end":{"line":2,"column":8}},"4":{"start":{"line":13,"column":4},"end":{"line":2,"column":47}},"5":{"start":{"line":3,"column":0},"end":{"line":3,"column":8}},"6":{"start":{"line":12,"column":4},"end":{"line":3,"column":42}},"7":{"start":{"line":4,"column":0},"end":{"line":4,"column":8}},"8":{"start":{"line":16,"column":4},"end":{"line":4,"column":42}},"9":{"start":{"line":5,"column":0},"end":{"line":5,"column":9}},"10":{"start":{"line":14,"column":4},"end":{"line":5,"column":57}},"11":{"start":{"line":6,"column":0},"end":{"line":6,"column":8}},"12":{"start":{"line":15,"column":4},"end":{"line":6,"column":60}}},"fnMap":{"0":{"name":"(anonymous_0)","decl":{"start":{"line":10,"column":4},"end":{"line":10,"column":21}},"loc":{"start":{"line":10,"column":4},"end":{"line":1,"column":27}}},"1":{"name":"(anonymous_1)","decl":{"start":{"line":11,"column":4},"end":{"line":11,"column":18}},"loc":{"start":{"line":11,"column":4},"end":{"line":1,"column":67}}},"2":{"name":"(anonymous_2)","decl":{"start":{"line":13,"column":4},"end":{"line":13,"column":16}},"loc":{"start":{"line":13,"column":4},"end":{"line":2,"column":47}}},"3":{"name":"(anonymous_3)","decl":{"start":{"line":12,"column":4},"end":{"line":12,"column":10}},"loc":{"start":{"line":12,"column":4},"end":{"line":3,"column":42}}},"4":{"name":"(anonymous_4)","decl":{"start":{"line":16,"column":4},"end":{"line":16,"column":10}},"loc":{"start":{"line":16,"column":4},"end":{"line":4,"column":42}}},"5":{"name":"(anonymous_5)","decl":{"start":{"line":14,"column":4},"end":{"line":14,"column":18}},"loc":{"start":{"line":14,"column":4},"end":{"line":5,"column":57}}},"6":{"name":"(anonymous_6)","decl":{"start":{"line":15,"column":4},"end":{"line":15,"column":25}},"loc":{"start":{"line":15,"column":4},"end":{"line":6,"column":60}}}},"branchMap":{},"s":{"0":2,"1":2,"2":2,"3":2,"4":4,"5":2,"6":2,"7":2,"8":2,"9":2,"10":4,"11":2,"12":4},"f":{"0":0,"1":0,"2":2,"3":0,"4":0,"5":2,"6":2},"b":{}}
,"C:\\Users\\abk330\\Desktop\\backend-lessions\\src\\middleware\\logger.middleware.ts": {"path":"C:\\Users\\abk330\\Desktop\\backend-lessions\\src\\middleware\\logger.middleware.ts","statementMap":{"0":{"start":{"line":1,"column":0},"end":{"line":1,"column":30}},"1":{"start":{"line":2,"column":0},"end":{"line":2,"column":45}},"2":{"start":{"line":4,"column":15},"end":{"line":11,"column":2}},"3":{"start":{"line":22,"column":9},"end":{"line":22,"column":15}},"4":{"start":{"line":13,"column":22},"end":{"line":20,"column":2}},"5":{"start":{"line":19,"column":23},"end":{"line":19,"column":54}},"6":{"start":{"line":22,"column":17},"end":{"line":22,"column":30}}},"fnMap":{"0":{"name":"(anonymous_1)","decl":{"start":{"line":19,"column":17},"end":{"line":19,"column":20}},"loc":{"start":{"line":19,"column":23},"end":{"line":19,"column":54}}}},"branchMap":{"0":{"loc":{"start":{"line":5,"column":11},"end":{"line":5,"column":62}},"type":"cond-expr","locations":[{"start":{"line":5,"column":45},"end":{"line":5,"column":53}},{"start":{"line":5,"column":56},"end":{"line":5,"column":62}}]}},"s":{"0":2,"1":2,"2":2,"3":2,"4":2,"5":0,"6":2},"f":{"0":0},"b":{"0":[2,0]}}
,"C:\\Users\\abk330\\Desktop\\backend-lessions\\src\\middleware\\rateLimiter.middleware.ts": {"path":"C:\\Users\\abk330\\Desktop\\backend-lessions\\src\\middleware\\rateLimiter.middleware.ts","statementMap":{"0":{"start":{"line":1,"column":0},"end":{"line":1,"column":43}},"1":{"start":{"line":3,"column":13},"end":{"line":11,"column":3}}},"fnMap":{},"branchMap":{},"s":{"0":2,"1":2},"f":{},"b":{}}
,"C:\\Users\\abk330\\Desktop\\backend-lessions\\src\\middleware\\upload.middleware.ts": {"path":"C:\\Users\\abk330\\Desktop\\backend-lessions\\src\\middleware\\upload.middleware.ts","statementMap":{"0":{"start":{"line":1,"column":0},"end":{"line":1,"column":28}},"1":{"start":{"line":2,"column":0},"end":{"line":2,"column":24}},"2":{"start":{"line":5,"column":16},"end":{"line":13,"column":2}},"3":{"start":{"line":7,"column":8},"end":{"line":7,"column":29}},"4":{"start":{"line":10,"column":27},"end":{"line":10,"column":63}},"5":{"start":{"line":11,"column":8},"end":{"line":11,"column":29}},"6":{"start":{"line":16,"column":19},"end":{"line":23,"column":1}},"7":{"start":{"line":17,"column":30},"end":{"line":17,"column":63}},"8":{"start":{"line":18,"column":16},"end":{"line":18,"column":61}},"9":{"start":{"line":19,"column":4},"end":{"line":21,"column":5}},"10":{"start":{"line":20,"column":8},"end":{"line":20,"column":61}},"11":{"start":{"line":22,"column":4},"end":{"line":22,"column":19}},"12":{"start":{"line":26,"column":15},"end":{"line":28,"column":2}},"13":{"start":{"line":30,"column":13},"end":{"line":30,"column":62}}},"fnMap":{"0":{"name":"(anonymous_1)","decl":{"start":{"line":6,"column":17},"end":{"line":6,"column":18}},"loc":{"start":{"line":6,"column":35},"end":{"line":8,"column":5}}},"1":{"name":"(anonymous_2)","decl":{"start":{"line":9,"column":14},"end":{"line":9,"column":15}},"loc":{"start":{"line":9,"column":32},"end":{"line":12,"column":5}}},"2":{"name":"(anonymous_3)","decl":{"start":{"line":16,"column":19},"end":{"line":16,"column":20}},"loc":{"start":{"line":16,"column":52},"end":{"line":23,"column":1}}}},"branchMap":{"0":{"loc":{"start":{"line":19,"column":4},"end":{"line":21,"column":5}},"type":"if","locations":[{"start":{"line":19,"column":4},"end":{"line":21,"column":5}}]}},"s":{"0":2,"1":2,"2":2,"3":0,"4":0,"5":0,"6":2,"7":0,"8":0,"9":0,"10":0,"11":0,"12":2,"13":2},"f":{"0":0,"1":0,"2":0},"b":{"0":[0]}}
,"C:\\Users\\abk330\\Desktop\\backend-lessions\\src\\middleware\\websocket.middleware.ts": {"path":"C:\\Users\\abk330\\Desktop\\backend-lessions\\src\\middleware\\websocket.middleware.ts","statementMap":{"0":{"start":{"line":4,"column":0},"end":{"line":4,"column":16}},"1":{"start":{"line":5,"column":4},"end":{"line":8,"column":6}},"2":{"start":{"line":6,"column":9},"end":{"line":6,"column":31}},"3":{"start":{"line":7,"column":8},"end":{"line":7,"column":15}}},"fnMap":{"0":{"name":"attachWebSocketServer","decl":{"start":{"line":4,"column":16},"end":{"line":4,"column":37}},"loc":{"start":{"line":4,"column":58},"end":{"line":9,"column":1}}},"1":{"name":"(anonymous_1)","decl":{"start":{"line":5,"column":11},"end":{"line":5,"column":12}},"loc":{"start":{"line":5,"column":63},"end":{"line":8,"column":5}}}},"branchMap":{},"s":{"0":2,"1":2,"2":3,"3":3},"f":{"0":2,"1":3},"b":{}}
,"C:\\Users\\abk330\\Desktop\\backend-lessions\\src\\routes\\admin.route.ts": {"path":"C:\\Users\\abk330\\Desktop\\backend-lessions\\src\\routes\\admin.route.ts","statementMap":{"0":{"start":{"line":1,"column":0},"end":{"line":1,"column":33}},"1":{"start":{"line":2,"column":0},"end":{"line":2,"column":82}},"2":{"start":{"line":4,"column":15},"end":{"line":4,"column":23}},"3":{"start":{"line":7,"column":0},"end":{"line":9,"column":3}},"4":{"start":{"line":8,"column":4},"end":{"line":8,"column":61}},"5":{"start":{"line":12,"column":0},"end":{"line":14,"column":3}},"6":{"start":{"line":13,"column":4},"end":{"line":13,"column":68}},"7":{"start":{"line":16,"column":0},"end":{"line":16,"column":22}}},"fnMap":{"0":{"name":"(anonymous_0)","decl":{"start":{"line":7,"column":69},"end":{"line":7,"column":70}},"loc":{"start":{"line":7,"column":82},"end":{"line":9,"column":1}}},"1":{"name":"(anonymous_1)","decl":{"start":{"line":12,"column":72},"end":{"line":12,"column":73}},"loc":{"start":{"line":12,"column":85},"end":{"line":14,"column":1}}}},"branchMap":{},"s":{"0":2,"1":2,"2":2,"3":2,"4":0,"5":2,"6":0,"7":2},"f":{"0":0,"1":0},"b":{}}
,"C:\\Users\\abk330\\Desktop\\backend-lessions\\src\\routes\\home.route.ts": {"path":"C:\\Users\\abk330\\Desktop\\backend-lessions\\src\\routes\\home.route.ts","statementMap":{"0":{"start":{"line":1,"column":0},"end":{"line":1,"column":52}},"1":{"start":{"line":3,"column":15},"end":{"line":3,"column":23}},"2":{"start":{"line":5,"column":0},"end":{"line":7,"column":3}},"3":{"start":{"line":6,"column":4},"end":{"line":6,"column":43}},"4":{"start":{"line":9,"column":0},"end":{"line":9,"column":22}}},"fnMap":{"0":{"name":"(anonymous_0)","decl":{"start":{"line":5,"column":16},"end":{"line":5,"column":17}},"loc":{"start":{"line":5,"column":48},"end":{"line":7,"column":1}}}},"branchMap":{},"s":{"0":2,"1":2,"2":2,"3":0,"4":2},"f":{"0":0},"b":{}}
,"C:\\Users\\abk330\\Desktop\\backend-lessions\\src\\routes\\index.ts": {"path":"C:\\Users\\abk330\\Desktop\\backend-lessions\\src\\routes\\index.ts","statementMap":{"0":{"start":{"line":1,"column":0},"end":{"line":1,"column":7}},"1":{"start":{"line":8,"column":4},"end":{"line":1,"column":37}},"2":{"start":{"line":2,"column":0},"end":{"line":2,"column":7}},"3":{"start":{"line":9,"column":4},"end":{"line":2,"column":37}},"4":{"start":{"line":3,"column":0},"end":{"line":3,"column":7}},"5":{"start":{"line":10,"column":4},"end":{"line":3,"column":41}},"6":{"start":{"line":4,"column":0},"end":{"line":4,"column":7}},"7":{"start":{"line":11,"column":4},"end":{"line":4,"column":39}},"8":{"start":{"line":5,"column":0},"end":{"line":5,"column":7}},"9":{"start":{"line":12,"column":4},"end":{"line":5,"column":49}}},"fnMap":{},"branchMap":{},"s":{"0":2,"1":2,"2":2,"3":2,"4":2,"5":2,"6":2,"7":2,"8":2,"9":2},"f":{},"b":{}}
,"C:\\Users\\abk330\\Desktop\\backend-lessions\\src\\routes\\monitoring.route.ts": {"path":"C:\\Users\\abk330\\Desktop\\backend-lessions\\src\\routes\\monitoring.route.ts","statementMap":{"0":{"start":{"line":1,"column":0},"end":{"line":1,"column":33}},"1":{"start":{"line":2,"column":0},"end":{"line":2,"column":55}},"2":{"start":{"line":4,"column":15},"end":{"line":4,"column":23}},"3":{"start":{"line":7,"column":0},"end":{"line":10,"column":3}},"4":{"start":{"line":8,"column":20},"end":{"line":8,"column":38}},"5":{"start":{"line":9,"column":4},"end":{"line":9,"column":22}},"6":{"start":{"line":12,"column":0},"end":{"line":12,"column":22}}},"fnMap":{"0":{"name":"(anonymous_0)","decl":{"start":{"line":7,"column":23},"end":{"line":7,"column":24}},"loc":{"start":{"line":7,"column":36},"end":{"line":10,"column":1}}}},"branchMap":{},"s":{"0":2,"1":2,"2":2,"3":2,"4":0,"5":0,"6":2},"f":{"0":0},"b":{}}
,"C:\\Users\\abk330\\Desktop\\backend-lessions\\src\\routes\\upload.route.ts": {"path":"C:\\Users\\abk330\\Desktop\\backend-lessions\\src\\routes\\upload.route.ts","statementMap":{"0":{"start":{"line":1,"column":0},"end":{"line":1,"column":52}},"1":{"start":{"line":2,"column":0},"end":{"line":2,"column":57}},"2":{"start":{"line":4,"column":15},"end":{"line":4,"column":23}},"3":{"start":{"line":7,"column":0},"end":{"line":15,"column":3}},"4":{"start":{"line":8,"column":4},"end":{"line":10,"column":5}},"5":{"start":{"line":9,"column":8},"end":{"line":9,"column":62}},"6":{"start":{"line":11,"column":4},"end":{"line":14,"column":7}},"7":{"start":{"line":17,"column":0},"end":{"line":17,"column":22}}},"fnMap":{"0":{"name":"(anonymous_0)","decl":{"start":{"line":7,"column":46},"end":{"line":7,"column":47}},"loc":{"start":{"line":7,"column":78},"end":{"line":15,"column":1}}}},"branchMap":{"0":{"loc":{"start":{"line":8,"column":4},"end":{"line":10,"column":5}},"type":"if","locations":[{"start":{"line":8,"column":4},"end":{"line":10,"column":5}}]}},"s":{"0":2,"1":2,"2":2,"3":2,"4":0,"5":0,"6":0,"7":2},"f":{"0":0},"b":{"0":[0]}}
,"C:\\Users\\abk330\\Desktop\\backend-lessions\\src\\routes\\user.route.ts": {"path":"C:\\Users\\abk330\\Desktop\\backend-lessions\\src\\routes\\user.route.ts","statementMap":{"0":{"start":{"line":1,"column":0},"end":{"line":1,"column":52}},"1":{"start":{"line":2,"column":0},"end":{"line":2,"column":38}},"2":{"start":{"line":3,"column":0},"end":{"line":3,"column":43}},"3":{"start":{"line":4,"column":0},"end":{"line":4,"column":43}},"4":{"start":{"line":7,"column":15},"end":{"line":7,"column":23}},"5":{"start":{"line":8,"column":23},"end":{"line":8,"column":56}},"6":{"start":{"line":11,"column":0},"end":{"line":22,"column":3}},"7":{"start":{"line":11,"column":55},"end":{"line":22,"column":2}},"8":{"start":{"line":12,"column":44},"end":{"line":12,"column":52}},"9":{"start":{"line":13,"column":17},"end":{"line":13,"column":71}},"10":{"start":{"line":15,"column":19},"end":{"line":15,"column":39}},"11":{"start":{"line":16,"column":4},"end":{"line":18,"column":5}},"12":{"start":{"line":17,"column":8},"end":{"line":17,"column":37}},"13":{"start":{"line":20,"column":4},"end":{"line":20,"column":36}},"14":{"start":{"line":21,"column":4},"end":{"line":21,"column":31}},"15":{"start":{"line":25,"column":0},"end":{"line":28,"column":3}},"16":{"start":{"line":25,"column":54},"end":{"line":28,"column":2}},"17":{"start":{"line":26,"column":18},"end":{"line":26,"column":45}},"18":{"start":{"line":27,"column":4},"end":{"line":27,"column":20}},"19":{"start":{"line":31,"column":0},"end":{"line":58,"column":3}},"20":{"start":{"line":31,"column":72},"end":{"line":58,"column":2}},"21":{"start":{"line":32,"column":4},"end":{"line":57,"column":5}},"22":{"start":{"line":33,"column":19},"end":{"line":33,"column":46}},"23":{"start":{"line":34,"column":48},"end":{"line":34,"column":56}},"24":{"start":{"line":36,"column":21},"end":{"line":36,"column":59}},"25":{"start":{"line":37,"column":8},"end":{"line":40,"column":9}},"26":{"start":{"line":38,"column":12},"end":{"line":38,"column":51}},"27":{"start":{"line":39,"column":12},"end":{"line":39,"column":19}},"28":{"start":{"line":42,"column":8},"end":{"line":42,"column":25}},"29":{"start":{"line":43,"column":8},"end":{"line":43,"column":27}},"30":{"start":{"line":44,"column":8},"end":{"line":44,"column":33}},"31":{"start":{"line":45,"column":8},"end":{"line":45,"column":25}},"32":{"start":{"line":47,"column":23},"end":{"line":47,"column":43}},"33":{"start":{"line":48,"column":8},"end":{"line":51,"column":9}},"34":{"start":{"line":49,"column":12},"end":{"line":49,"column":41}},"35":{"start":{"line":50,"column":12},"end":{"line":50,"column":19}},"36":{"start":{"line":53,"column":8},"end":{"line":53,"column":40}},"37":{"start":{"line":54,"column":8},"end":{"line":54,"column":23}},"38":{"start":{"line":56,"column":8},"end":{"line":56,"column":74}},"39":{"start":{"line":61,"column":0},"end":{"line":68,"column":3}},"40":{"start":{"line":61,"column":60},"end":{"line":68,"column":2}},"41":{"start":{"line":62,"column":15},"end":{"line":62,"column":42}},"42":{"start":{"line":64,"column":19},"end":{"line":64,"column":50}},"43":{"start":{"line":65,"column":4},"end":{"line":65,"column":70}},"44":{"start":{"line":65,"column":31},"end":{"line":65,"column":70}},"45":{"start":{"line":67,"column":4},"end":{"line":67,"column":27}},"46":{"start":{"line":70,"column":0},"end":{"line":70,"column":22}}},"fnMap":{"0":{"name":"(anonymous_8)","decl":{"start":{"line":11,"column":17},"end":{"line":11,"column":24}},"loc":{"start":{"line":11,"column":55},"end":{"line":22,"column":2}}},"1":{"name":"(anonymous_9)","decl":{"start":{"line":11,"column":55},"end":{"line":11,"column":null}},"loc":{"start":{"line":11,"column":55},"end":{"line":22,"column":1}}},"2":{"name":"(anonymous_10)","decl":{"start":{"line":25,"column":16},"end":{"line":25,"column":23}},"loc":{"start":{"line":25,"column":54},"end":{"line":28,"column":2}}},"3":{"name":"(anonymous_11)","decl":{"start":{"line":25,"column":54},"end":{"line":25,"column":null}},"loc":{"start":{"line":25,"column":54},"end":{"line":28,"column":1}}},"4":{"name":"(anonymous_12)","decl":{"start":{"line":31,"column":19},"end":{"line":31,"column":26}},"loc":{"start":{"line":31,"column":72},"end":{"line":58,"column":2}}},"5":{"name":"(anonymous_13)","decl":{"start":{"line":31,"column":72},"end":{"line":31,"column":null}},"loc":{"start":{"line":31,"column":72},"end":{"line":58,"column":1}}},"6":{"name":"(anonymous_14)","decl":{"start":{"line":61,"column":22},"end":{"line":61,"column":29}},"loc":{"start":{"line":61,"column":60},"end":{"line":68,"column":2}}},"7":{"name":"(anonymous_15)","decl":{"start":{"line":61,"column":60},"end":{"line":61,"column":null}},"loc":{"start":{"line":61,"column":60},"end":{"line":68,"column":1}}}},"branchMap":{"0":{"loc":{"start":{"line":16,"column":4},"end":{"line":18,"column":5}},"type":"if","locations":[{"start":{"line":16,"column":4},"end":{"line":18,"column":5}}]},"1":{"loc":{"start":{"line":37,"column":8},"end":{"line":40,"column":9}},"type":"if","locations":[{"start":{"line":37,"column":8},"end":{"line":40,"column":9}}]},"2":{"loc":{"start":{"line":48,"column":8},"end":{"line":51,"column":9}},"type":"if","locations":[{"start":{"line":48,"column":8},"end":{"line":51,"column":9}}]},"3":{"loc":{"start":{"line":65,"column":4},"end":{"line":65,"column":70}},"type":"if","locations":[{"start":{"line":65,"column":4},"end":{"line":65,"column":70}}]}},"s":{"0":2,"1":2,"2":2,"3":2,"4":2,"5":2,"6":2,"7":0,"8":0,"9":0,"10":0,"11":0,"12":0,"13":0,"14":0,"15":2,"16":0,"17":0,"18":0,"19":2,"20":0,"21":0,"22":0,"23":0,"24":0,"25":0,"26":0,"27":0,"28":0,"29":0,"30":0,"31":0,"32":0,"33":0,"34":0,"35":0,"36":0,"37":0,"38":0,"39":2,"40":0,"41":0,"42":0,"43":0,"44":0,"45":0,"46":2},"f":{"0":0,"1":0,"2":0,"3":0,"4":0,"5":0,"6":0,"7":0},"b":{"0":[0],"1":[0],"2":[0],"3":[0]}}
,"C:\\Users\\abk330\\Desktop\\backend-lessions\\src\\utils\\monitoring.ts": {"path":"C:\\Users\\abk330\\Desktop\\backend-lessions\\src\\utils\\monitoring.ts","statementMap":{"0":{"start":{"line":1,"column":0},"end":{"line":1,"column":20}},"1":{"start":{"line":2,"column":0},"end":{"line":2,"column":41}},"2":{"start":{"line":4,"column":32},"end":{"line":9,"column":2}},"3":{"start":{"line":4,"column":39},"end":{"line":9,"column":2}},"4":{"start":{"line":4,"column":13},"end":{"line":4,"column":32}},"5":{"start":{"line":11,"column":34},"end":{"line":16,"column":1}},"6":{"start":{"line":12,"column":18},"end":{"line":12,"column":35}},"7":{"start":{"line":13,"column":4},"end":{"line":13,"column":13}},"8":{"start":{"line":14,"column":16},"end":{"line":14,"column":33}},"9":{"start":{"line":15,"column":4},"end":{"line":15,"column":49}},"10":{"start":{"line":11,"column":13},"end":{"line":11,"column":34}}},"fnMap":{"0":{"name":"(anonymous_1)","decl":{"start":{"line":4,"column":32},"end":{"line":4,"column":35}},"loc":{"start":{"line":4,"column":39},"end":{"line":9,"column":2}}},"1":{"name":"(anonymous_2)","decl":{"start":{"line":11,"column":34},"end":{"line":11,"column":35}},"loc":{"start":{"line":11,"column":71},"end":{"line":16,"column":1}}}},"branchMap":{},"s":{"0":2,"1":2,"2":2,"3":0,"4":2,"5":2,"6":0,"7":0,"8":0,"9":0,"10":2},"f":{"0":0,"1":0},"b":{}}
}
